Arguments: 
  /opt/homebrew/Cellar/node/17.4.0/bin/node /opt/homebrew/Cellar/yarn/1.22.17_2/libexec/bin/yarn.js build

PATH: 
  /opt/homebrew/bin:/Users/jacob/.local/share/solana/install/active_release/bin/:/Users/jacob/.cargo/bin:/usr/local/bin:/usr/bin:/bin:/usr/sbin:/sbin

Yarn version: 
  1.22.17

Node version: 
  17.4.0

Platform: 
  darwin arm64

Trace: 
  SyntaxError: /Users/jacob/Developer/precrypt/precrypt-js/package.json: Unexpected token } in JSON at position 1053
      at JSON.parse (<anonymous>)
      at /opt/homebrew/Cellar/yarn/1.22.17_2/libexec/lib/cli.js:1625:59
      at Generator.next (<anonymous>)
      at step (/opt/homebrew/Cellar/yarn/1.22.17_2/libexec/lib/cli.js:310:30)
      at /opt/homebrew/Cellar/yarn/1.22.17_2/libexec/lib/cli.js:321:13

npm manifest: 
  {
    "name": "precrypt-js",
    "version": "0.1.0",
    "description": "Wrapper for the umbral-pre proxy re-encryption library with parallel processing",
    "main": "src/index.js",
    "repository": "https://github.com/rebase-foundation/precrypt/tree/main/precrypt-js",
    "author": "Jacob Peddicord",
    "license": "GPL-3.0-only",
    "private": false,
    "dependencies": {
      "umbral-pre": "^0.4.0"
    },
    "devDependencies": {
      "@types/filesystem": "^0.0.32",
      "@types/node": "^16.9.4",
      "eslint": "^7.32.0",
      "shx": "^0.3.3",
      "ts-node": "^10.2.1",
      "tslib": "^2.3.1",
      "typescript": "^4.5.5"
    },
    "scripts": {
      "build": "shx rm -rf dist && tsc -b",
      "lint": "eslint . --ext .ts --config .eslintrc",
      "postpack": "shx rm -f oclif.manifest.json",
      "posttest": "yarn lint",
      "prepack": "yarn build && oclif manifest && oclif readme",
      "test": "mocha --forbid-only \"test/**/*.test.ts\"",
      "version": "oclif readme && git add README.md",
      "prepublishOnly": "yarn build"
    },
    "engines": {
      "node": ">=12.0.0"
    },
  }

yarn manifest: 
  No manifest

Lockfile: 
  # THIS IS AN AUTOGENERATED FILE. DO NOT EDIT THIS FILE DIRECTLY.
  # yarn lockfile v1
  
  
  "@types/filesystem@^0.0.32":
    version "0.0.32"
    resolved "https://registry.npmjs.org/@types/filesystem/-/filesystem-0.0.32.tgz"
    integrity sha512-Yuf4jR5YYMR2DVgwuCiP11s0xuVRyPKmz8vo6HBY3CGdeMj8af93CFZX+T82+VD1+UqHOxTq31lO7MI7lepBtQ==
    dependencies:
      "@types/filewriter" "*"
  
  "@types/filewriter@*":
    version "0.0.29"
    resolved "https://registry.npmjs.org/@types/filewriter/-/filewriter-0.0.29.tgz"
    integrity sha512-BsPXH/irW0ht0Ji6iw/jJaK8Lj3FJemon2gvEqHKpCdDCeemHa+rI3WBGq5z7cDMZgoLjY40oninGxqk+8NzNQ==
  
  "@types/node@^17.0.21":
    version "17.0.21"
    resolved "https://registry.yarnpkg.com/@types/node/-/node-17.0.21.tgz#864b987c0c68d07b4345845c3e63b75edd143644"
    integrity sha512-DBZCJbhII3r90XbQxI8Y9IjjiiOGlZ0Hr32omXIZvwwZ7p4DMMXGrKXVyPfuoBOri9XNtL0UK69jYIBIsRX3QQ==
  
  tslib@^2.3.1:
    version "2.3.1"
    resolved "https://registry.yarnpkg.com/tslib/-/tslib-2.3.1.tgz#e8a335add5ceae51aa261d32a490158ef042ef01"
    integrity sha512-77EbyPPpMz+FRFRuAFlWMtmgUWGe9UOG2Z25NqCwiIjRhOf5iKGuzSe5P2w1laq+FkRy4p+PCuVkJSGkzTEKVw==
  
  typescript@^4.5.5:
    version "4.5.5"
    resolved "https://registry.yarnpkg.com/typescript/-/typescript-4.5.5.tgz#d8c953832d28924a9e3d37c73d729c846c5896f3"
    integrity sha512-TCTIul70LyWe6IJWT8QSYeA54WQe8EjQFU4wY52Fasj5UKx88LNYKCgBEHcOMOrFF1rKGbD8v/xcNWVUq9SymA==
  
  umbral-pre@^0.4.0:
    version "0.4.0"
    resolved "https://registry.npmjs.org/umbral-pre/-/umbral-pre-0.4.0.tgz"
    integrity sha512-mLbPxg5H1LSnKCbU4+1TN2j1zfgzj1BGnsdsAD5/qtMvWdBAfyXzy8i/o7HaUk15YbBoKkeCpATx/M4qZthVcA==
